0 verbose cli /usr/bin/node /usr/bin/npm
1 info using npm@10.2.4
2 info using node@v18.19.1
3 timing npm:load:whichnode Completed in 2ms
4 timing config:load:defaults Completed in 3ms
5 timing config:load:file:/usr/lib/node_modules/npm/npmrc Completed in 11ms
6 timing config:load:builtin Completed in 11ms
7 timing config:load:cli Completed in 2ms
8 timing config:load:env Completed in 0ms
9 timing config:load:project Completed in 2ms
10 timing config:load:file:/root/.npmrc Completed in 1ms
11 timing config:load:user Completed in 1ms
12 timing config:load:file:/etc/npmrc Completed in 1ms
13 timing config:load:global Completed in 1ms
14 timing config:load:setEnvs Completed in 1ms
15 timing config:load Completed in 21ms
16 timing npm:load:configload Completed in 21ms
17 timing config:load:flatten Completed in 2ms
18 timing npm:load:mkdirpcache Completed in 0ms
19 timing npm:load:mkdirplogs Completed in 1ms
20 verbose title npm install neovim
21 verbose argv "--global" "install" "neovim"
22 timing npm:load:setTitle Completed in 1ms
23 timing npm:load:display Completed in 1ms
24 verbose logfile logs-max:10 dir:/root/.npm/_logs/2024-04-23T17_21_01_705Z-
25 verbose logfile /root/.npm/_logs/2024-04-23T17_21_01_705Z-debug-0.log
26 timing npm:load:logFile Completed in 7ms
27 timing npm:load:timers Completed in 0ms
28 timing npm:load:configScope Completed in 0ms
29 timing npm:load Completed in 50ms
30 timing config:load:flatten Completed in 0ms
31 timing arborist:ctor Completed in 1ms
32 silly logfile done cleaning log files
33 timing idealTree:init Completed in 5ms
34 timing idealTree:userRequests Completed in 1ms
35 silly idealTree buildDeps
36 silly fetch manifest neovim@*
37 silly placeDep ROOT neovim@ OK for:  want: *
38 timing idealTree:#root Completed in 464384ms
39 timing idealTree:node_modules/neovim Completed in 0ms
40 timing idealTree:buildDeps Completed in 464385ms
41 timing idealTree:fixDepFlags Completed in 0ms
42 timing idealTree Completed in 464392ms
43 timing command:install Completed in 464434ms
44 verbose type system
45 verbose stack FetchError: request to https://registry.npmjs.org/neovim failed, reason: connect ETIMEDOUT 2606:4700::6810:1b22:443
45 verbose stack     at ClientRequest.<anonymous> (/usr/lib/node_modules/npm/node_modules/minipass-fetch/lib/index.js:130:14)
45 verbose stack     at ClientRequest.emit (node:events:517:28)
45 verbose stack     at _destroy (node:_http_client:882:13)
45 verbose stack     at onSocketNT (node:_http_client:902:5)
45 verbose stack     at process.processTicksAndRejections (node:internal/process/task_queues:83:21)
46 verbose cwd /root
47 verbose Linux 5.15.0-200.131.27.el8uek.x86_64
48 verbose node v18.19.1
49 verbose npm  v10.2.4
50 error code ETIMEDOUT
51 error syscall connect
52 error errno ETIMEDOUT
53 error network request to https://registry.npmjs.org/neovim failed, reason: connect ETIMEDOUT 2606:4700::6810:1b22:443
54 error network This is a problem related to network connectivity.
54 error network In most cases you are behind a proxy or have bad network settings.
54 error network
54 error network If you are behind a proxy, please make sure that the
54 error network 'proxy' config is set properly.  See: 'npm help config'
55 verbose exit 1
56 timing npm Completed in 464637ms
57 verbose unfinished npm timer reify 1713892861908
58 verbose unfinished npm timer reify:loadTrees 1713892861946
59 verbose code 1
60 error A complete log of this run can be found in: /root/.npm/_logs/2024-04-23T17_21_01_705Z-debug-0.log
